<?xml version="1.0" encoding="UTF-8"?>
<testng-results skipped="0" failed="0" ignored="0" total="1" passed="1">
  <reporter-output>
  </reporter-output>
  <suite name="facebook1" duration-ms="112392" started-at="2019-06-29T07:08:43Z" finished-at="2019-06-29T07:10:36Z">
    <groups>
    </groups>
    <test name="facebook test" duration-ms="112392" started-at="2019-06-29T07:08:43Z" finished-at="2019-06-29T07:10:36Z">
      <class name="com.facebook.testcases.TC_logintest_001">
        <test-method status="PASS" signature="setup(java.lang.String)[pri:0, instance:com.facebook.testcases.TC_logintest_001@39ba5a14]" name="setup" is-config="true" duration-ms="15325" started-at="2019-06-29T07:08:43Z" finished-at="2019-06-29T07:08:59Z">
          <params>
            <param index="0">
              <value>
                <![CDATA[chrome]]>
              </value>
            </param>
          </params>
          <reporter-output>
          </reporter-output>
        </test-method> <!-- setup -->
        <test-method status="PASS" signature="setup1()[pri:0, instance:com.facebook.testcases.TC_logintest_001@39ba5a14]" name="setup1" duration-ms="96684" started-at="2019-06-29T07:08:59Z" finished-at="2019-06-29T07:10:35Z">
          <reporter-output>
          </reporter-output>
        </test-method> <!-- setup1 -->
      </class> <!-- com.facebook.testcases.TC_logintest_001 -->
    </test> <!-- facebook test -->
  </suite> <!-- facebook1 -->
</testng-results>
